TN:
SF:solutions/duplicate-integer.js
FN:9,hasDuplicate
FNF:1
FNH:1
FNDA:3,hasDuplicate
DA:1,1
DA:2,1
DA:3,1
DA:4,1
DA:5,1
DA:6,1
DA:7,1
DA:8,1
DA:9,3
DA:10,3
DA:11,3
DA:12,3
DA:13,1
DA:14,1
DA:15,2
DA:16,2
DA:17,2
DA:18,2
DA:19,3
DA:20,8
DA:21,1
DA:22,1
DA:23,8
DA:24,7
DA:25,7
DA:26,8
DA:27,1
DA:28,1
DA:29,1
DA:30,1
DA:31,1
DA:32,1
DA:33,1
LF:33
LH:33
BRDA:9,0,0,3
BRDA:12,1,0,1
BRDA:14,2,0,2
BRDA:19,3,0,8
BRDA:20,4,0,1
BRDA:23,5,0,7
BRDA:26,6,0,1
BRF:7
BRH:7
end_of_record
TN:
SF:solutions/is-anagram.js
FN:9,isAnagram
FNF:1
FNH:1
FNDA:4,isAnagram
DA:1,1
DA:2,1
DA:3,1
DA:4,1
DA:5,1
DA:6,1
DA:7,1
DA:8,1
DA:9,4
DA:10,4
DA:11,4
DA:12,1
DA:13,1
DA:14,3
DA:15,3
DA:16,3
DA:17,3
DA:18,3
DA:19,3
DA:20,4
DA:21,17
DA:22,17
DA:23,17
DA:24,3
DA:25,4
DA:26,7
DA:27,7
DA:28,2
DA:29,2
DA:30,2
DA:31,7
DA:32,1
DA:33,1
DA:34,1
DA:35,1
DA:36,1
DA:37,1
DA:38,1
LF:38
LH:38
BRDA:9,0,0,4
BRDA:11,1,0,1
BRDA:13,2,0,3
BRDA:20,3,0,17
BRDA:21,4,0,13
BRDA:22,5,0,15
BRDA:23,6,0,3
BRDA:25,7,0,7
BRDA:27,8,0,2
BRDA:31,9,0,1
BRF:10
BRH:10
end_of_record
